make.exe all --print-data-base --no-builtin-variables --no-builtin-rules --question
# GNU Make 4.3
# Built for Windows32
# Copyright (C) 1988-2020 Free Software Foundation, Inc.
# License GPLv3+: GNU GPL version 3 or later <http://gnu.org/licenses/gpl.html>
# This is free software: you are free to change and redistribute it.
# There is NO WARRANTY, to the extent permitted by law.
 

# Make data base, printed on Thu Jun 30 12:46:36 2022

# Variables

# environment
FPS_BROWSER_APP_PROFILE_STRING = Internet Explorer
# makefile (from 'uiuc/make/uiuc.mk', line 29)
STDLIBVERSION = $(STDLIBVERSION_GNU)
# environment
SYSTEMDRIVE = C:
# environment
LC_ALL = C
# environment
USERPROFILE = C:\Users\KIIT
# environment
LOCALAPPDATA = C:\Users\KIIT\AppData\Local
# environment
VSCODE_IPC_HOOK_EXTHOST = \\.\pipe\vscode-ipc-e33843e8-8d3d-433b-b26e-032076de890f-sock
# environment
VSCODE_CWD = C:\Users\KIIT\AppData\Local\Programs\Microsoft VS Code
# makefile (from 'Makefile', line 6)
EXE_OBJ = main.o
# environment
CHOCOLATEYINSTALL = C:\ProgramData\chocolatey
# environment
SYSTEMROOT = C:\WINDOWS
# makefile (from 'uiuc/make/uiuc.mk', line 22)
CXX_WHICH = $(CXX_GNU)
# environment
PROCESSOR_LEVEL = 6
# environment
PSMODULEPATH = C:\Program Files\WindowsPowerShell\Modules;C:\WINDOWS\system32\WindowsPowerShell\v1.0\Modules
# default
MAKE_COMMAND := C:/ProgramData/chocolatey/lib/make/tools/install/bin/make.exe
# makefile (from 'Makefile', line 10)
CLEAN_RM = out-*.png
# environment
PTSMINSTALLPATH_X86 = C:\Program Files (x86)\HP\HP ProtectTools Security Manager\Bin\
# automatic
@D = $(patsubst %/,%,$(patsubst %\,%,$(dir $@)))
# environment
CHROME_CRASHPAD_PIPE_NAME = \\.\pipe\crashpad_20816_VCXJEGDWCEPATARX
# environment
FPS_BROWSER_USER_PROFILE_STRING = Default
# environment
VSCODE_HANDLES_UNCAUGHT_ERRORS = true
# default
.VARIABLES := 
# automatic
%D = $(patsubst %/,%,$(patsubst %\,%,$(dir $%)))
# automatic
^D = $(patsubst %/,%,$(patsubst %\,%,$(dir $^)))
# environment
VSCODE_LOG_STACK = false
# automatic
%F = $(notdir $%)
# environment
VSCODE_CODE_CACHE_PATH = C:\Users\KIIT\AppData\Roaming\Code\CachedData\30d9c6cd9483b2cc586687151bcbcd635f373630
# environment
LANG = C
# default
.LOADED := 
# environment
TMP = C:\Users\KIIT\AppData\Local\Temp
# default
.INCLUDE_DIRS = .
# environment
PROCESSOR_ARCHITEW6432 = AMD64
# makefile
MAKEFLAGS = pqrR
# environment
ONEDRIVE = C:\Users\KIIT\OneDrive
# makefile (from 'uiuc/make/uiuc.mk', line 5)
COLLECTED_FILES = uiuc/HSLAPixel.h uiuc/HSLAPixel.cpp ImageTransform.h ImageTransform.cpp
# makefile
CURDIR := c:/Users/KIIT/Desktop/ImageTransform
# environment
VSCODE_PIPE_LOGGING = true
# makefile (from 'uiuc/make/uiuc.mk', line 16)
CPP_TEST = $(wildcard tests/*.cpp) uiuc/catch/catchmain.cpp
# environment
APPLICATION_INSIGHTS_NO_DIAGNOSTIC_CHANNEL = 1
# automatic
*D = $(patsubst %/,%,$(patsubst %\,%,$(dir $*)))
# environment
PROGRAMFILES = C:\Program Files (x86)
# environment
MFLAGS = -pqrR
# default
.SHELLFLAGS := -c
# environment
COMMONPROGRAMW6432 = C:\Program Files\Common Files
# automatic
+D = $(patsubst %/,%,$(patsubst %\,%,$(dir $+)))
# makefile (from '.objs/tests/part2.d', line 1)
MAKEFILE_LIST := Makefile uiuc/make/uiuc.mk .objs/ImageTransform.d .objs/uiuc/HSLAPixel.d .objs/uiuc/PNG.d .objs/uiuc/catch/catchmain.d .objs/uiuc/lodepng/lodepng.d .objs/tests/part1.d .objs/tests/part2.d
# automatic
@F = $(notdir $@)
# makefile (from 'uiuc/make/uiuc.mk', line 30)
WARNINGS = -pedantic -Wall -Wfatal-errors -Wextra -Wno-unused-parameter -Wno-unused-variable
# environment
VSCODE_VERBOSE_LOGGING = true
# environment
VSCODE_PID = 20816
# environment
CUDA_PATH = C:\Program Files\NVIDIA GPU Computing Toolkit\CUDA\v11.6
# automatic
?D = $(patsubst %/,%,$(patsubst %\,%,$(dir $?)))
# environment
ONLINESERVICES = Online Services
# automatic
*F = $(notdir $*)
# automatic
<D = $(patsubst %/,%,$(patsubst %\,%,$(dir $<)))
# environment
VSCODE_NLS_CONFIG = {"locale":"en-us","availableLanguages":{},"_languagePackSupport":true}
# default
MAKE_HOST := Windows32
# makefile (from 'uiuc/make/uiuc.mk', line 8)
OBJS = main.o ImageTransform.o uiuc/HSLAPixel.o uiuc/PNG.o uiuc/lodepng/lodepng.o
# environment
PROGRAMDATA = C:\ProgramData
# default
SHELL := sh.exe
# environment
HOMEPATH = \Users\KIIT
# default
MAKECMDGOALS := all
# environment
DRIVERDATA = C:\Windows\System32\Drivers\DriverData
# environment
COMSPEC = C:\WINDOWS\system32\cmd.exe
# environment
WINDIR = C:\WINDOWS
# makefile (from 'uiuc/make/uiuc.mk', line 20)
CXX_CLANG = clang++
# environment
MAKELEVEL := 0
# default
MAKE = $(MAKE_COMMAND)
# environment
PATH = C:\Program Files (x86)\VMware\VMware Player\bin\;C:\Program Files\NVIDIA GPU Computing Toolkit\CUDA\v11.6\bin;C:\Program Files\NVIDIA GPU Computing Toolkit\CUDA\v11.6\libnvvp;C:\oraclexe\app\oracle\product\11.2.0\server\bin;;C:\Program Files (x86)\Common Files\Oracle\Java\javapath;C:\windows\system32;C:\windows;C:\windows\System32\Wbem;C:\windows\System32\WindowsPowerShell\v1.0\;C:\windows\System32\OpenSSH\;C:\Program Files (x86)\NVIDIA Corporation\PhysX\Common;C:\Program Files\Intel\WiFi\bin\;C:\Program Files\Common Files\Intel\WirelessCommon\;C:\WINDOWS\system32;C:\WINDOWS;C:\WINDOWS\System32\Wbem;C:\WINDOWS\System32\WindowsPowerShell\v1.0\;C:\WINDOWS\System32\OpenSSH\;C:\Program Files\Git\cmd;C:\Program Files\nodejs\;C:\Program Files (x86)\Intel\Intel(R) Management Engine Components\DAL;C:\Program Files\Intel\Intel(R) Management Engine Components\DAL;C:\Program Files\NVIDIA Corporation\Nsight Compute 2022.1.0\;C:\Program Files\NVIDIA Corporation\NVIDIA NvDLISR;C:\Program Files (x86)\dotnet\;C:\ProgramData\chocolatey\bin;C:\Users\KIIT\AppData\Local\Programs\Python\Python39\Scripts\;C:\Users\KIIT\AppData\Local\Programs\Python\Python39\;C:\Users\KIIT\AppData\Local\Microsoft\WindowsApps;C:\Program Files\Intel\WiFi\bin\;C:\Program Files\Common Files\Intel\WirelessCommon\;C:\Users\KIIT\AppData\Local\Programs\Microsoft VS Code\bin;C:\Users\KIIT\AppData\Roaming\npm;C:\Users\KIIT\AppData\Local\GitHubDesktop\bin;C:\msys64\mingw64\bin;
# makefile (from 'uiuc/make/uiuc.mk', line 26)
STDVERSION = -std=c++14 
# environment
COMPUTERNAME = AYUSH
# default
MAKEFILES := 
# automatic
^F = $(notdir $^)
# makefile (from 'uiuc/make/uiuc.mk', line 4)
ZIP_FILE = ImageTransform_submission.zip
# environment
PROMPT = $P$G
# environment
CHOCOLATEYLASTPATHUPDATE = 132996903007536370
# environment
NVTOOLSEXT_PATH = C:\Program Files\NVIDIA Corporation\NvToolsExt\
# environment
PTSMINSTALLPATH = C:\Program Files\HP\HP ProtectTools Security Manager\Bin\
# environment
LOGONSERVER = \\AYUSH
# environment
VSCODE_LOG_NATIVE = false
# environment
USERNAME = KIIT
# environment
COMMONPROGRAMFILES = C:\Program Files (x86)\Common Files
# automatic
?F = $(notdir $?)
# environment
PROGRAMW6432 = C:\Program Files
# environment
PATHEXT = .COM;.EXE;.BAT;.CMD;.VBS;.VBE;.JS;.JSE;.WSF;.WSH;.MSC
# makefile (from 'uiuc/make/uiuc.mk', line 21)
CXX_GNU = g++
# automatic
+F = $(notdir $+)
# environment
ORIGINAL_XDG_CURRENT_DESKTOP = undefined
# makefile (from 'Makefile', line 3)
TEST = test
# environment
USERDOMAIN = AYUSH
# 'override' directive
GNUMAKEFLAGS := 
# makefile (from 'uiuc/make/uiuc.mk', line 27)
STDLIBVERSION_CLANG = -stdlib=libc++ 
# environment
OS = Windows_NT
# makefile (from 'Makefile', line 2)
EXE = ImageTransform
# environment
CUDA_PATH_V11_6 = C:\Program Files\NVIDIA GPU Computing Toolkit\CUDA\v11.6
# makefile
.DEFAULT_GOAL := ImageTransform
# default
MAKE_VERSION := 4.3
# environment
PLATFORMCODE = AN
# environment
PROGRAMFILES(X86) = C:\Program Files (x86)
# makefile (from 'uiuc/make/uiuc.mk', line 32)
LDFLAGS = $(CS400) $(STDVERSION) $(STDLIBVERSION) -lpthread
# environment
USERDOMAIN_ROAMINGPROFILE = AYUSH
# environment
NUMBER_OF_PROCESSORS = 8
# environment
PUBLIC = C:\Users\Public
# makefile (from 'uiuc/make/uiuc.mk', line 11)
OBJS_DIR = .objs
# environment
APPDATA = C:\Users\KIIT\AppData\Roaming
# environment
HOMEDRIVE = C:
# environment
PROCESSOR_ARCHITECTURE = x86
# environment
VSCODE_AMD_ENTRYPOINT = vs/workbench/api/node/extensionHostProcess
# environment
COMMONPROGRAMFILES(X86) = C:\Program Files (x86)\Common Files
# environment
ELECTRON_RUN_AS_NODE = 1
# environment
TEMP = C:\Users\KIIT\AppData\Local\Temp
# environment
VSCODE_IPC_HOOK = \\.\pipe\de5a4ac0493e9cfec3bed89243818633-1.68.1-main-sock
# default
.RECIPEPREFIX := 
# automatic
<F = $(notdir $<)
# default
SUFFIXES := 
# environment
ALLUSERSPROFILE = C:\ProgramData
# makefile (from 'uiuc/make/uiuc.mk', line 24)
LD = $(CXX_WHICH)
# environment
SESSIONNAME = Console
# makefile (from 'uiuc/make/uiuc.mk', line 31)
CXXFLAGS = $(CS400) $(STDVERSION) $(STDLIBVERSION) -g -O0 $(WARNINGS) -MMD -MP -msse2 -c
# default
.FEATURES := target-specific order-only second-expansion else-if shortest-stem undefine oneshell nocomment grouped-target extra-prereqs archives jobserver output-sync load
# environment
REGIONCODE = APJ
# environment
PROCESSOR_REVISION = 8e0a
# makefile (from 'uiuc/make/uiuc.mk', line 23)
CXX = $(CXX_WHICH)
# makefile (from 'uiuc/make/uiuc.mk', line 28)
STDLIBVERSION_GNU = 
 
# makefile (from 'uiuc/make/uiuc.mk', line 33)
ASANFLAGS = -fsanitize=address -fno-omit-frame-pointer
# makefile (from 'uiuc/make/uiuc.mk', line 17)
OBJS_TEST = $(filter-out $(EXE_OBJ), $(OBJS)) $(CPP_TEST:.cpp=.o)
# environment
PROCESSOR_IDENTIFIER = Intel64 Family 6 Model 142 Stepping 10, GenuineIntel
# variable set hash-table stats:
# Load=127/1024=12%, Rehash=0, Collisions=11/209=5%

# Pattern-specific Variable Values

# No pattern-specific variable values.

# Directories

# .objs/uiuc (key c:/Users/KIIT/Desktop/ImageTransform/.objs/uiuc, mtime 1656011727): 8 files, no impossibilities.
# . (key c:/Users/KIIT/Desktop/ImageTransform, mtime 1656011739): 14 files, no impossibilities.
# .objs/uiuc/lodepng (key c:/Users/KIIT/Desktop/ImageTransform/.objs/uiuc/lodepng, mtime 1656011727): 4 files, no impossibilities.
# .objs/tests (key c:/Users/KIIT/Desktop/ImageTransform/.objs/tests, mtime 1656011729): 6 files, no impossibilities.
# tests (key c:/Users/KIIT/Desktop/ImageTransform/tests, mtime 1551066995): 4 files, no impossibilities.
# .objs (key c:/Users/KIIT/Desktop/ImageTransform/.objs, mtime 1656011726): 6 files, no impossibilities.
# .objs/uiuc/catch (key c:/Users/KIIT/Desktop/ImageTransform/.objs/uiuc/catch, mtime 1656011737): 4 files, no impossibilities.

# 46 files, no impossibilities in 7 directories.

# Implicit Rules

.objs/%.o: %.cpp | .objs
#  recipe to execute (from 'uiuc/make/uiuc.mk', line 55):
	$(CXX) $(CXXFLAGS) $< -o $@

# 1 implicit rules, 0 (0.0%) terminal.
# Files

# Not a target:
.objs/uiuc/lodepng/lodepng.d:
#  Implicit rule search has been done.
#  Last modified 2022-06-24 00:45:27
#  File has been updated.
#  Successfully updated.

tests/../uiuc/HSLAPixel.h:
#  Implicit rule search has not been done.
#  Modification time never checked.
#  File has not been updated.

# Not a target:
.objs/uiuc/catch/catchmain.d:
#  Implicit rule search has been done.
#  Last modified 2022-06-24 00:45:37
#  File has been updated.
#  Successfully updated.

ImageTransform.h:
#  Implicit rule search has not been done.
#  Modification time never checked.
#  File has not been updated.

.objs/uiuc/HSLAPixel.o: uiuc/HSLAPixel.cpp uiuc/HSLAPixel.h
#  Implicit rule search has not been done.
#  Modification time never checked.
#  File has not been updated.

# Not a target:
.objs/uiuc/HSLAPixel.d:
#  Implicit rule search has been done.
#  Last modified 2022-06-24 00:45:26
#  File has been updated.
#  Successfully updated.

.objs/tests/part1.o: tests/part1.cpp tests/../uiuc/catch/catch.hpp tests/../ImageTransform.h tests/../uiuc/PNG.h tests/../uiuc/HSLAPixel.h
#  Implicit rule search has not been done.
#  Modification time never checked.
#  File has not been updated.

ImageTransform: .objs/main.o .objs/ImageTransform.o .objs/uiuc/HSLAPixel.o .objs/uiuc/PNG.o .objs/uiuc/lodepng/lodepng.o
#  Implicit rule search has not been done.
#  File does not exist.
#  File has been updated.
#  Needs to be updated (-q is set).
# variable set hash-table stats:
# Load=0/32=0%, Rehash=0, Collisions=0/12=0%
#  recipe to execute (from 'uiuc/make/uiuc.mk', line 37):
	$(LD) $^ $(LDFLAGS) -o $@
	@echo ""
	@echo " Built the main executable program file for the project: " $(EXE)
	@echo " (Make sure you try \"make test\" too!)"
	@echo ""

# Not a target:
Makefile:
#  Implicit rule search has been done.
#  Last modified 2019-02-25 09:26:35
#  File has been updated.
#  Successfully updated.

# Not a target:
uiuc/PNG.cpp:
#  Implicit rule search has not been done.
#  Modification time never checked.
#  File has not been updated.

tidy: clean
#  Phony target (prerequisite of .PHONY).
#  Implicit rule search has not been done.
#  File does not exist.
#  File has not been updated.
#  recipe to execute (from 'uiuc/make/uiuc.mk', line 79):
	rm -rf doc

# Not a target:
.objs/tests/part1.d:
#  Implicit rule search has been done.
#  Last modified 2022-06-24 00:45:28
#  File has been updated.
#  Successfully updated.

tests/../ImageTransform.h:
#  Implicit rule search has not been done.
#  Modification time never checked.
#  File has not been updated.

clean:
#  Phony target (prerequisite of .PHONY).
#  Implicit rule search has not been done.
#  File does not exist.
#  File has not been updated.
#  recipe to execute (from 'uiuc/make/uiuc.mk', line 76):
	rm -rf $(EXE) $(TEST) $(OBJS_DIR) $(CLEAN_RM) $(ZIP_FILE)

tests/../uiuc/catch/catch.hpp:
#  Implicit rule search has not been done.
#  Modification time never checked.
#  File has not been updated.

.objs/uiuc/lodepng/lodepng.o: uiuc/lodepng/lodepng.cpp uiuc/lodepng/lodepng.h
#  Implicit rule search has not been done.
#  Modification time never checked.
#  File has not been updated.

.objs/tests/part2.o: tests/part2.cpp tests/../uiuc/catch/catch.hpp tests/../ImageTransform.h tests/../uiuc/PNG.h tests/../uiuc/HSLAPixel.h
#  Implicit rule search has not been done.
#  Modification time never checked.
#  File has not been updated.

# Not a target:
ImageTransform.cpp:
#  Implicit rule search has not been done.
#  Modification time never checked.
#  File has not been updated.

uiuc/PNG.h:
#  Implicit rule search has not been done.
#  Modification time never checked.
#  File has not been updated.

uiuc/lodepng/lodepng.h:
#  Implicit rule search has not been done.
#  Modification time never checked.
#  File has not been updated.

# Not a target:
uiuc/lodepng/lodepng.cpp:
#  Implicit rule search has not been done.
#  Modification time never checked.
#  File has not been updated.

.objs:
#  Implicit rule search has not been done.
#  Last modified 2022-06-24 00:45:26
#  File has been updated.
#  Successfully updated.
#  recipe to execute (from 'uiuc/make/uiuc.mk', line 48):
	@mkdir -p $(OBJS_DIR)
	@mkdir -p $(OBJS_DIR)/uiuc
	@mkdir -p $(OBJS_DIR)/uiuc/catch
	@mkdir -p $(OBJS_DIR)/uiuc/lodepng
	@mkdir -p $(OBJS_DIR)/tests

.objs/uiuc/PNG.o: uiuc/PNG.cpp uiuc/lodepng/lodepng.h uiuc/HSLAPixel.h uiuc/PNG.h uiuc/RGB_HSL.h
#  Implicit rule search has not been done.
#  Modification time never checked.
#  File has not been updated.

# Not a target:
.DEFAULT:
#  Implicit rule search has not been done.
#  Modification time never checked.
#  File has not been updated.

all: ImageTransform test
#  Phony target (prerequisite of .PHONY).
#  Command line target.
#  Implicit rule search has not been done.
#  File does not exist.
#  File has been updated.
#  Needs to be updated (-q is set).
# variable set hash-table stats:
# Load=0/32=0%, Rehash=0, Collisions=0/12=0%

.objs/uiuc/catch/catchmain.o: uiuc/catch/catchmain.cpp uiuc/catch/catch.hpp
#  Implicit rule search has not been done.
#  Modification time never checked.
#  File has not been updated.

 
# Not a target:
uiuc/HSLAPixel.cpp:
#  Implicit rule search has not been done.
#  Modification time never checked.
#  File has not been updated.

# Not a target:
main.cpp:
#  Implicit rule search has been done.
#  Last modified 2019-02-25 09:26:35
#  File has been updated.
#  Successfully updated.

zip:
#  Phony target (prerequisite of .PHONY).
#  Implicit rule search has not been done.
#  File does not exist.
#  File has not been updated.
#  recipe to execute (from 'uiuc/make/uiuc.mk', line 82):
	@echo "!!! Preparing submission zip with student code..."
	@echo "!!! Make sure you have already tried compiling and testing your code"
	@echo "!!! thoroughly before submitting the zip on Coursera!"
	@echo ""
	@echo "Removing any previous version of zip file..."
	rm -rf $(ZIP_FILE)
	@echo "Creating new file..."
	zip $(ZIP_FILE) $(COLLECTED_FILES)
	@echo "Created zip file: " $(ZIP_FILE)

tests/../uiuc/PNG.h:
#  Implicit rule search has not been done.
#  Modification time never checked.
#  File has not been updated.

# Not a target:
tests/part2.cpp:
#  Implicit rule search has not been done.
#  Modification time never checked.
#  File has not been updated.

# Not a target:
.objs/tests/part2.d:
#  Implicit rule search has been done.
#  Last modified 2022-06-24 00:45:29
#  File has been updated.
#  Successfully updated.

# Not a target:
.objs/ImageTransform.d:
#  Implicit rule search has been done.
#  Last modified 2022-06-24 00:45:26
#  File has been updated.
#  Successfully updated.

test: .objs/ImageTransform.o .objs/uiuc/HSLAPixel.o .objs/uiuc/PNG.o .objs/uiuc/lodepng/lodepng.o .objs/tests/part1.o .objs/tests/part2.o .objs/uiuc/catch/catchmain.o
#  Implicit rule search has not been done.
#  Modification time never checked.
#  File has not been updated.
#  recipe to execute (from 'uiuc/make/uiuc.mk', line 59):
	$(LD) $^ $(LDFLAGS) -o $@
	@echo ""
	@echo " Built the test suite program: " $(TEST)
	@echo ""

uiuc/HSLAPixel.h:
#  Implicit rule search has not been done.
#  Modification time never checked.
#  File has not been updated.

uiuc/RGB_HSL.h:
#  Implicit rule search has not been done.
#  Modification time never checked.
#  File has not been updated.

uiuc/catch/catch.hpp:
#  Implicit rule search has not been done.
#  Modification time never checked.
#  File has not been updated.

# Not a target:
tests/part1.cpp:
#  Implicit rule search has not been done.
#  Modification time never checked.
#  File has not been updated.

# Not a target:
uiuc/make/uiuc.mk:
#  Implicit rule search has been done.
#  Last modified 2019-02-25 09:26:35
#  File has been updated.
#  Successfully updated.

.PHONY: all tidy clean zip
#  Implicit rule search has not been done.
#  Modification time never checked.
#  File has not been updated.

# Not a target:
.objs/uiuc/PNG.d:
#  Implicit rule search has been done.
#  Last modified 2022-06-24 00:45:27
#  File has been updated.
#  Successfully updated.

# Not a target:
uiuc/catch/catchmain.cpp:
#  Implicit rule search has not been done.
#  Modification time never checked.
#  File has not been updated.

.objs/ImageTransform.o: ImageTransform.cpp uiuc/PNG.h uiuc/HSLAPixel.h ImageTransform.h
#  Implicit rule search has not been done.
#  Modification time never checked.
#  File has not been updated.

.objs/main.o: main.cpp | .objs
#  Implicit rule search has been done.
#  Implicit/static pattern stem: 'main'
#  File does not exist.
#  File has been updated.
#  Needs to be updated (-q is set).
# automatic
# @ := .objs/main.o
# automatic
# * := main
# automatic
# < := main.cpp
# automatic
# + := main.cpp
# automatic
# % := 
# automatic
# ^ := main.cpp
# automatic
# ? := main.cpp
# automatic
# | := .objs
# variable set hash-table stats:
# Load=8/32=25%, Rehash=0, Collisions=8/22=36%
#  recipe to execute (from 'uiuc/make/uiuc.mk', line 55):
	$(CXX) $(CXXFLAGS) $< -o $@

# files hash-table stats:
# Load=45/1024=4%, Rehash=0, Collisions=2/141=1%
# VPATH Search Paths

# No 'vpath' search paths.

# No general ('VPATH' variable) search path.

# strcache buffers: 1 (0) / strings = 78 / storage = 1092 B / avg = 14 B
# current buf: size = 8174 B / used = 1092 B / count = 78 / avg = 14 B

# strcache performance: lookups = 197 / hit rate = 60%
# hash-table stats:
# Load=78/8192=1%, Rehash=0, Collisions=2/197=1%
# Finished Make data base on Thu Jun 30 12:46:36 2022

 
